<?xml version="1.0" encoding="UTF-8"?>
<!-- Generated by org.testng.reporters.JUnitXMLReporter -->
<testsuite ignored="0" hostname="LP-220640135" failures="0" tests="3" name="Ecommerce Tests" time="6.501" errors="0" timestamp="2025-10-29T10:27:15 IST">
  <testcase classname="ecommerce_cart.tests.TestingClass" name="@BeforeMethod loginBeforeEachTest" time="2.911">
    <failure type="java.lang.NoSuchMethodError" message="&amp;apos;org.apache.logging.log4j.LogBuilder org.apache.logging.log4j.Logger.atDebug()&amp;apos;">
      <![CDATA[java.lang.NoSuchMethodError: 'org.apache.logging.log4j.LogBuilder org.apache.logging.log4j.Logger.atDebug()'
at org.apache.poi.openxml4j.opc.PackageRelationshipCollection.parseRelationshipsPart(PackageRelationshipCollection.java:307)
at org.apache.poi.openxml4j.opc.PackageRelationshipCollection.<init>(PackageRelationshipCollection.java:155)
at org.apache.poi.openxml4j.opc.PackageRelationshipCollection.<init>(PackageRelationshipCollection.java:125)
at org.apache.poi.openxml4j.opc.PackagePart.loadRelationships(PackagePart.java:565)
at org.apache.poi.openxml4j.opc.OPCPackage.getParts(OPCPackage.java:952)
at org.apache.poi.openxml4j.opc.OPCPackage.open(OPCPackage.java:523)
at org.apache.poi.openxml4j.opc.OPCPackage.open(OPCPackage.java:490)
at org.apache.poi.ooxml.util.PackageHelper.open(PackageHelper.java:67)
at org.apache.poi.xssf.usermodel.XSSFWorkbook.<init>(XSSFWorkbook.java:315)
at org.apache.poi.xssf.usermodel.XSSFWorkbook.<init>(XSSFWorkbook.java:289)
at ecommerce_cart.utilities.excelwrite.write_cell(excelwrite.java:17)
at ecommerce_cart.tests.TestingClass.loginBeforeEachTest(TestingClass.java:42)
at java.base/java.util.ArrayList.forEach(ArrayList.java:1596)
... Removed 29 stack frames]]>
    </failure>
  </testcase> <!-- @BeforeMethod loginBeforeEachTest -->
  <testcase classname="ecommerce_cart.tests.TestingClass" name="@AfterMethod logoutAfterEachTest" time="0.0">
    <skipped/>
  </testcase> <!-- @AfterMethod logoutAfterEachTest -->
  <testcase classname="ecommerce_cart.tests.TestingClass" name="@BeforeMethod loginBeforeEachTest" time="0.0">
    <skipped/>
  </testcase> <!-- @BeforeMethod loginBeforeEachTest -->
  <testcase classname="ecommerce_cart.tests.TestingClass" name="@AfterMethod logoutAfterEachTest" time="0.0">
    <skipped/>
  </testcase> <!-- @AfterMethod logoutAfterEachTest -->
  <testcase classname="ecommerce_cart.tests.TestingClass" name="@BeforeMethod loginBeforeEachTest" time="0.0">
    <skipped/>
  </testcase> <!-- @BeforeMethod loginBeforeEachTest -->
  <testcase classname="ecommerce_cart.tests.TestingClass" name="@AfterMethod logoutAfterEachTest" time="0.0">
    <skipped/>
  </testcase> <!-- @AfterMethod logoutAfterEachTest -->
  <testcase classname="ecommerce_cart.tests.TestingClass" name="@AfterClass tearDown" time="0.0">
    <skipped/>
  </testcase> <!-- @AfterClass tearDown -->
  <testcase classname="ecommerce_cart.tests.TestingClass" name="verifyComputerText" time="0.0">
    <skipped/>
  </testcase> <!-- verifyComputerText -->
  <testcase classname="ecommerce_cart.tests.TestingClass" name="verifyElectronicsText" time="0.0">
    <skipped/>
  </testcase> <!-- verifyElectronicsText -->
  <testcase classname="ecommerce_cart.tests.TestingClass" name="verifyApparelText" time="0.0">
    <skipped/>
  </testcase> <!-- verifyApparelText -->
</testsuite> <!-- Ecommerce Tests -->
