<?xml version="1.0" encoding="UTF-8"?>
<!-- Generated by org.testng.reporters.JUnitXMLReporter -->
<testsuite ignored="0" hostname="LP-220640135" failures="0" tests="3" name="Test2" time="7.013" errors="0" timestamp="2025-10-29T10:08:27 IST">
  <testcase classname="ecommerce_cart.tests.TestingClass" name="verifyComputerText" time="0.0">
    <skipped/>
  </testcase> <!-- verifyComputerText -->
  <testcase classname="ecommerce_cart.tests.TestingClass" name="verifyElectronicsText" time="0.0">
    <skipped/>
  </testcase> <!-- verifyElectronicsText -->
  <testcase classname="ecommerce_cart.tests.TestingClass" name="verifyApparelText" time="0.0">
    <skipped/>
  </testcase> <!-- verifyApparelText -->
</testsuite> <!-- Test2 -->
